<?xml version="1.0" encoding="UTF-8"?>
<!-- Generated by org.testng.reporters.JUnitReportReporter -->
<testsuite hostname="DESKTOP-LE7S6F1" failures="0" tests="1" name="testcase.Testcase_WriteComment" time="1.364" errors="0" timestamp="2023-08-19T01:27:03 ICT" skipped="0">
  <testcase classname="testcase.Testcase_WriteComment" name="test" time="1.364">
    <system-out>
      <![CDATA[username entered
password entered
button clicked
login successful
comment  entered
Button Clicked
Name changed successfully
cmt has nobeen created]]>
    </system-out>
  </testcase> <!-- test -->
  <system-out>
    <![CDATA[successfully proceeded to General Discusion page
username entered
password entered
button clicked
login successful
comment  entered
Button Clicked
Name changed successfully
cmt has nobeen created]]>
  </system-out>
</testsuite> <!-- testcase.Testcase_WriteComment -->
