<?xml version="1.0" encoding="UTF-8"?>
<!-- Generated by org.testng.reporters.JUnitReportReporter -->
<testsuite hostname="DESKTOP-LE7S6F1" failures="0" tests="1" name="testcase.Testcase_SortingDiscussion2" time="0.166" errors="0" timestamp="2023-08-19T01:13:16 ICT" skipped="0">
  <testcase classname="testcase.Testcase_SortingDiscussion2" name="test" time="0.166">
    <system-out>
      <![CDATA[Button Clicked
discussion created successful
]]>
    </system-out>
  </testcase> <!-- test -->
  <system-out>
    <![CDATA[successfully proceeded to General Discusion page
Button Clicked
discussion created successful
]]>
  </system-out>
</testsuite> <!-- testcase.Testcase_SortingDiscussion2 -->
