<?xml version="1.0" encoding="UTF-8"?>
<!-- Generated by org.testng.reporters.JUnitReportReporter -->
<testsuite hostname="DESKTOP-LE7S6F1" failures="0" tests="1" name="testcase.Testcase_SortingDiscussions" time="0.152" errors="0" timestamp="2023-08-19T01:07:34 ICT" skipped="0">
  <testcase classname="testcase.Testcase_SortingDiscussions" name="test" time="0.152">
    <system-out>
      <![CDATA[Button Clicked
discussion created successful
]]>
    </system-out>
  </testcase> <!-- test -->
  <system-out>
    <![CDATA[successfully proceeded to General Discusion page
Button Clicked
discussion created successful
]]>
  </system-out>
</testsuite> <!-- testcase.Testcase_SortingDiscussions -->
