<?xml version="1.0" encoding="UTF-8"?>
<!-- Generated by org.testng.reporters.JUnitReportReporter -->
<testsuite hostname="DESKTOP-LE7S6F1" failures="0" tests="1" name="testcase.Testcase_ChangeCatergory" time="3.032" errors="0" timestamp="2023-08-19T02:17:09 ICT" skipped="0">
  <testcase classname="testcase.Testcase_ChangeCatergory" name="test" time="3.032">
    <system-out>
      <![CDATA[username entered
password entered
button clicked
login successful
Button Clicked
Button Clicked
discussion created successful
general]]>
    </system-out>
  </testcase> <!-- test -->
  <system-out>
    <![CDATA[successfully proceeded to General Discusion page
username entered
password entered
button clicked
login successful
Button Clicked
Button Clicked
discussion created successful
general]]>
  </system-out>
</testsuite> <!-- testcase.Testcase_ChangeCatergory -->
