<?xml version="1.0" encoding="UTF-8"?>
<!-- Generated by org.testng.reporters.JUnitReportReporter -->
<testsuite hostname="DESKTOP-LE7S6F1" failures="0" tests="1" name="testcase.Testcase_EditDicussionName" time="1.346" errors="0" timestamp="2023-08-18T23:24:24 ICT" skipped="0">
  <testcase classname="testcase.Testcase_EditDicussionName" name="test" time="1.346">
    <system-out>
      <![CDATA[username entered
password entered
button clicked
login successful
comment  entered
Button Clicked
Name changed successful
Test23]]>
    </system-out>
  </testcase> <!-- test -->
  <system-out>
    <![CDATA[successfully proceeded to General Discusion page
username entered
password entered
button clicked
login successful
comment  entered
Button Clicked
Name changed successful
Test23]]>
  </system-out>
</testsuite> <!-- testcase.Testcase_EditDicussionName -->
